{"C:\\Users\\Luigi\\Desktop\\progettoIS\\chemosmart\\chemosmart-gestione-terapia\\controllers\\terapie.js": {"path":"C:\\Users\\Luigi\\Desktop\\progettoIS\\chemosmart\\chemosmart-gestione-terapia\\controllers\\terapie.js","statementMap":{"0":{"start":{"line":1,"column":16},"end":{"line":1,"column":47}},"1":{"start":{"line":2,"column":36},"end":{"line":2,"column":71}},"2":{"start":{"line":15,"column":0},"end":{"line":24,"column":1}},"3":{"start":{"line":16,"column":20},"end":{"line":16,"column":41}},"4":{"start":{"line":18,"column":4},"end":{"line":23,"column":5}},"5":{"start":{"line":19,"column":8},"end":{"line":19,"column":28}},"6":{"start":{"line":20,"column":8},"end":{"line":20,"column":37}},"7":{"start":{"line":22,"column":8},"end":{"line":22,"column":56}},"8":{"start":{"line":37,"column":0},"end":{"line":45,"column":1}},"9":{"start":{"line":39,"column":4},"end":{"line":44,"column":5}},"10":{"start":{"line":40,"column":24},"end":{"line":40,"column":44}},"11":{"start":{"line":41,"column":8},"end":{"line":41,"column":37}},"12":{"start":{"line":43,"column":8},"end":{"line":43,"column":56}},"13":{"start":{"line":59,"column":0},"end":{"line":68,"column":1}},"14":{"start":{"line":60,"column":15},"end":{"line":60,"column":28}},"15":{"start":{"line":62,"column":4},"end":{"line":67,"column":5}},"16":{"start":{"line":63,"column":24},"end":{"line":63,"column":50}},"17":{"start":{"line":64,"column":8},"end":{"line":64,"column":37}},"18":{"start":{"line":66,"column":8},"end":{"line":66,"column":56}},"19":{"start":{"line":81,"column":0},"end":{"line":90,"column":1}},"20":{"start":{"line":82,"column":15},"end":{"line":82,"column":28}},"21":{"start":{"line":84,"column":4},"end":{"line":89,"column":5}},"22":{"start":{"line":85,"column":8},"end":{"line":85,"column":43}},"23":{"start":{"line":86,"column":8},"end":{"line":86,"column":63}},"24":{"start":{"line":88,"column":8},"end":{"line":88,"column":56}},"25":{"start":{"line":106,"column":0},"end":{"line":161,"column":1}},"26":{"start":{"line":107,"column":15},"end":{"line":107,"column":28}},"27":{"start":{"line":108,"column":17},"end":{"line":108,"column":32}},"28":{"start":{"line":110,"column":4},"end":{"line":160,"column":5}},"29":{"start":{"line":111,"column":27},"end":{"line":111,"column":53}},"30":{"start":{"line":113,"column":8},"end":{"line":116,"column":9}},"31":{"start":{"line":114,"column":12},"end":{"line":114,"column":55}},"32":{"start":{"line":115,"column":12},"end":{"line":115,"column":19}},"33":{"start":{"line":118,"column":8},"end":{"line":121,"column":9}},"34":{"start":{"line":119,"column":12},"end":{"line":119,"column":66}},"35":{"start":{"line":120,"column":12},"end":{"line":120,"column":19}},"36":{"start":{"line":123,"column":8},"end":{"line":126,"column":9}},"37":{"start":{"line":124,"column":12},"end":{"line":124,"column":69}},"38":{"start":{"line":125,"column":12},"end":{"line":125,"column":19}},"39":{"start":{"line":128,"column":8},"end":{"line":131,"column":9}},"40":{"start":{"line":129,"column":12},"end":{"line":129,"column":66}},"41":{"start":{"line":130,"column":12},"end":{"line":130,"column":19}},"42":{"start":{"line":132,"column":26},"end":{"line":132,"column":60}},"43":{"start":{"line":133,"column":25},"end":{"line":133,"column":38}},"44":{"start":{"line":134,"column":8},"end":{"line":134,"column":29}},"45":{"start":{"line":135,"column":8},"end":{"line":135,"column":29}},"46":{"start":{"line":137,"column":8},"end":{"line":141,"column":9}},"47":{"start":{"line":138,"column":12},"end":{"line":138,"column":39}},"48":{"start":{"line":139,"column":12},"end":{"line":139,"column":56}},"49":{"start":{"line":140,"column":12},"end":{"line":140,"column":19}},"50":{"start":{"line":143,"column":32},"end":{"line":143,"column":62}},"51":{"start":{"line":144,"column":24},"end":{"line":144,"column":44}},"52":{"start":{"line":146,"column":8},"end":{"line":150,"column":9}},"53":{"start":{"line":147,"column":12},"end":{"line":147,"column":38}},"54":{"start":{"line":148,"column":12},"end":{"line":148,"column":54}},"55":{"start":{"line":149,"column":12},"end":{"line":149,"column":19}},"56":{"start":{"line":152,"column":8},"end":{"line":157,"column":9}},"57":{"start":{"line":153,"column":28},"end":{"line":153,"column":81}},"58":{"start":{"line":154,"column":12},"end":{"line":154,"column":41}},"59":{"start":{"line":156,"column":12},"end":{"line":156,"column":60}},"60":{"start":{"line":159,"column":8},"end":{"line":159,"column":56}},"61":{"start":{"line":175,"column":0},"end":{"line":186,"column":1}},"62":{"start":{"line":176,"column":20},"end":{"line":176,"column":52}},"63":{"start":{"line":177,"column":4},"end":{"line":185,"column":5}},"64":{"start":{"line":179,"column":24},"end":{"line":179,"column":120}},"65":{"start":{"line":181,"column":7},"end":{"line":181,"column":36}},"66":{"start":{"line":184,"column":8},"end":{"line":184,"column":54}}},"fnMap":{"0":{"name":"(anonymous_0)","decl":{"start":{"line":15,"column":24},"end":{"line":15,"column":25}},"loc":{"start":{"line":15,"column":44},"end":{"line":24,"column":1}},"line":15},"1":{"name":"(anonymous_1)","decl":{"start":{"line":37,"column":24},"end":{"line":37,"column":25}},"loc":{"start":{"line":37,"column":44},"end":{"line":45,"column":1}},"line":37},"2":{"name":"(anonymous_2)","decl":{"start":{"line":59,"column":25},"end":{"line":59,"column":26}},"loc":{"start":{"line":59,"column":45},"end":{"line":68,"column":1}},"line":59},"3":{"name":"(anonymous_3)","decl":{"start":{"line":81,"column":24},"end":{"line":81,"column":25}},"loc":{"start":{"line":81,"column":44},"end":{"line":90,"column":1}},"line":81},"4":{"name":"(anonymous_4)","decl":{"start":{"line":106,"column":24},"end":{"line":106,"column":25}},"loc":{"start":{"line":106,"column":44},"end":{"line":161,"column":1}},"line":106},"5":{"name":"(anonymous_5)","decl":{"start":{"line":175,"column":27},"end":{"line":175,"column":28}},"loc":{"start":{"line":175,"column":45},"end":{"line":186,"column":1}},"line":175}},"branchMap":{"0":{"loc":{"start":{"line":113,"column":8},"end":{"line":116,"column":9}},"type":"if","locations":[{"start":{"line":113,"column":8},"end":{"line":116,"column":9}},{"start":{},"end":{}}],"line":113},"1":{"loc":{"start":{"line":118,"column":8},"end":{"line":121,"column":9}},"type":"if","locations":[{"start":{"line":118,"column":8},"end":{"line":121,"column":9}},{"start":{},"end":{}}],"line":118},"2":{"loc":{"start":{"line":123,"column":8},"end":{"line":126,"column":9}},"type":"if","locations":[{"start":{"line":123,"column":8},"end":{"line":126,"column":9}},{"start":{},"end":{}}],"line":123},"3":{"loc":{"start":{"line":123,"column":11},"end":{"line":123,"column":114}},"type":"binary-expr","locations":[{"start":{"line":123,"column":11},"end":{"line":123,"column":42}},{"start":{"line":123,"column":46},"end":{"line":123,"column":78}},{"start":{"line":123,"column":82},"end":{"line":123,"column":114}}],"line":123},"4":{"loc":{"start":{"line":128,"column":8},"end":{"line":131,"column":9}},"type":"if","locations":[{"start":{"line":128,"column":8},"end":{"line":131,"column":9}},{"start":{},"end":{}}],"line":128},"5":{"loc":{"start":{"line":128,"column":11},"end":{"line":128,"column":98}},"type":"binary-expr","locations":[{"start":{"line":128,"column":11},"end":{"line":128,"column":35}},{"start":{"line":128,"column":39},"end":{"line":128,"column":69}},{"start":{"line":128,"column":73},"end":{"line":128,"column":98}}],"line":128},"6":{"loc":{"start":{"line":137,"column":8},"end":{"line":141,"column":9}},"type":"if","locations":[{"start":{"line":137,"column":8},"end":{"line":141,"column":9}},{"start":{},"end":{}}],"line":137},"7":{"loc":{"start":{"line":146,"column":8},"end":{"line":150,"column":9}},"type":"if","locations":[{"start":{"line":146,"column":8},"end":{"line":150,"column":9}},{"start":{},"end":{}}],"line":146},"8":{"loc":{"start":{"line":176,"column":20},"end":{"line":176,"column":52}},"type":"cond-expr","locations":[{"start":{"line":176,"column":35},"end":{"line":176,"column":47}},{"start":{"line":176,"column":50},"end":{"line":176,"column":52}}],"line":176}},"s":{"0":1,"1":1,"2":1,"3":0,"4":0,"5":0,"6":0,"7":0,"8":1,"9":0,"10":0,"11":0,"12":0,"13":1,"14":0,"15":0,"16":0,"17":0,"18":0,"19":1,"20":0,"21":0,"22":0,"23":0,"24":0,"25":1,"26":7,"27":7,"28":7,"29":7,"30":7,"31":1,"32":1,"33":6,"34":1,"35":1,"36":5,"37":1,"38":1,"39":4,"40":1,"41":1,"42":3,"43":2,"44":2,"45":2,"46":2,"47":0,"48":0,"49":0,"50":2,"51":1,"52":1,"53":0,"54":0,"55":0,"56":1,"57":1,"58":1,"59":0,"60":2,"61":1,"62":0,"63":0,"64":0,"65":0,"66":0},"f":{"0":0,"1":0,"2":0,"3":0,"4":7,"5":0},"b":{"0":[1,6],"1":[1,5],"2":[1,4],"3":[5,5,1],"4":[1,3],"5":[4,1,1],"6":[0,2],"7":[0,1],"8":[0,0]},"_coverageSchema":"1a1c01bbd47fc00a2c39e90264f33305004495a9","hash":"4644ca93b55f3c2fa8bdbb1e31eeb94626d22af9"}
,"C:\\Users\\Luigi\\Desktop\\progettoIS\\chemosmart\\chemosmart-gestione-terapia\\models\\terapia.js": {"path":"C:\\Users\\Luigi\\Desktop\\progettoIS\\chemosmart\\chemosmart-gestione-terapia\\models\\terapia.js","statementMap":{"0":{"start":{"line":1,"column":17},"end":{"line":1,"column":36}},"1":{"start":{"line":2,"column":22},"end":{"line":27,"column":22}},"2":{"start":{"line":29,"column":16},"end":{"line":29,"column":55}},"3":{"start":{"line":30,"column":0},"end":{"line":30,"column":24}}},"fnMap":{},"branchMap":{},"s":{"0":1,"1":1,"2":1,"3":1},"f":{},"b":{},"_coverageSchema":"1a1c01bbd47fc00a2c39e90264f33305004495a9","hash":"31bc7e907cb70437d749ec74348fe4c630da75c5"}
,"C:\\Users\\Luigi\\Desktop\\progettoIS\\chemosmart\\chemosmart-gestione-terapia\\services\\apiClient.js": {"path":"C:\\Users\\Luigi\\Desktop\\progettoIS\\chemosmart\\chemosmart-gestione-terapia\\services\\apiClient.js","statementMap":{"0":{"start":{"line":1,"column":14},"end":{"line":1,"column":30}},"1":{"start":{"line":4,"column":4},"end":{"line":9,"column":5}},"2":{"start":{"line":5,"column":25},"end":{"line":5,"column":86}},"3":{"start":{"line":6,"column":8},"end":{"line":6,"column":23}},"4":{"start":{"line":8,"column":8},"end":{"line":8,"column":26}},"5":{"start":{"line":13,"column":4},"end":{"line":19,"column":5}},"6":{"start":{"line":14,"column":25},"end":{"line":14,"column":86}},"7":{"start":{"line":16,"column":8},"end":{"line":16,"column":23}},"8":{"start":{"line":18,"column":8},"end":{"line":18,"column":28}},"9":{"start":{"line":21,"column":0},"end":{"line":21,"column":42}}},"fnMap":{"0":{"name":"getPaziente","decl":{"start":{"line":3,"column":15},"end":{"line":3,"column":26}},"loc":{"start":{"line":3,"column":31},"end":{"line":10,"column":1}},"line":3},"1":{"name":"getFarmaco","decl":{"start":{"line":12,"column":15},"end":{"line":12,"column":25}},"loc":{"start":{"line":12,"column":32},"end":{"line":20,"column":1}},"line":12}},"branchMap":{},"s":{"0":1,"1":0,"2":0,"3":0,"4":0,"5":0,"6":0,"7":0,"8":0,"9":1},"f":{"0":0,"1":0},"b":{},"_coverageSchema":"1a1c01bbd47fc00a2c39e90264f33305004495a9","hash":"6d3a46ad2a35c8c00a34d2917347ce10f17f4ffa"}
}
