TN:
SF:controllers\terapie.js
FN:15,(anonymous_0)
FN:37,(anonymous_1)
FN:59,(anonymous_2)
FN:81,(anonymous_3)
FN:106,(anonymous_4)
FN:175,(anonymous_5)
FNF:6
FNH:1
FNDA:0,(anonymous_0)
FNDA:0,(anonymous_1)
FNDA:0,(anonymous_2)
FNDA:0,(anonymous_3)
FNDA:7,(anonymous_4)
FNDA:0,(anonymous_5)
DA:1,1
DA:2,1
DA:15,1
DA:16,0
DA:18,0
DA:19,0
DA:20,0
DA:22,0
DA:37,1
DA:39,0
DA:40,0
DA:41,0
DA:43,0
DA:59,1
DA:60,0
DA:62,0
DA:63,0
DA:64,0
DA:66,0
DA:81,1
DA:82,0
DA:84,0
DA:85,0
DA:86,0
DA:88,0
DA:106,1
DA:107,7
DA:108,7
DA:110,7
DA:111,7
DA:113,7
DA:114,1
DA:115,1
DA:118,6
DA:119,1
DA:120,1
DA:123,5
DA:124,1
DA:125,1
DA:128,4
DA:129,1
DA:130,1
DA:132,3
DA:133,2
DA:134,2
DA:135,2
DA:137,2
DA:138,0
DA:139,0
DA:140,0
DA:143,2
DA:144,1
DA:146,1
DA:147,0
DA:148,0
DA:149,0
DA:152,1
DA:153,1
DA:154,1
DA:156,0
DA:159,2
DA:175,1
DA:176,0
DA:177,0
DA:179,0
DA:181,0
DA:184,0
LF:67
LH:36
BRDA:113,0,0,1
BRDA:113,0,1,6
BRDA:118,1,0,1
BRDA:118,1,1,5
BRDA:123,2,0,1
BRDA:123,2,1,4
BRDA:123,3,0,5
BRDA:123,3,1,5
BRDA:123,3,2,1
BRDA:128,4,0,1
BRDA:128,4,1,3
BRDA:128,5,0,4
BRDA:128,5,1,1
BRDA:128,5,2,1
BRDA:137,6,0,0
BRDA:137,6,1,2
BRDA:146,7,0,0
BRDA:146,7,1,1
BRDA:176,8,0,0
BRDA:176,8,1,0
BRF:20
BRH:16
end_of_record
TN:
SF:models\terapia.js
FNF:0
FNH:0
DA:1,1
DA:2,1
DA:29,1
DA:30,1
LF:4
LH:4
BRF:0
BRH:0
end_of_record
TN:
SF:services\apiClient.js
FN:3,getPaziente
FN:12,getFarmaco
FNF:2
FNH:0
FNDA:0,getPaziente
FNDA:0,getFarmaco
DA:1,1
DA:4,0
DA:5,0
DA:6,0
DA:8,0
DA:13,0
DA:14,0
DA:16,0
DA:18,0
DA:21,1
LF:10
LH:2
BRF:0
BRH:0
end_of_record
