{"/home/peppinoryuga/Documenti/ChemoSmart/chemosmart/chemosmart-gestione-farmaci/controllers/farmaci.js": {"path":"/home/peppinoryuga/Documenti/ChemoSmart/chemosmart/chemosmart-gestione-farmaci/controllers/farmaci.js","statementMap":{"0":{"start":{"line":1,"column":16},"end":{"line":1,"column":47}},"1":{"start":{"line":15,"column":0},"end":{"line":24,"column":1}},"2":{"start":{"line":16,"column":20},"end":{"line":16,"column":41}},"3":{"start":{"line":18,"column":4},"end":{"line":23,"column":5}},"4":{"start":{"line":19,"column":8},"end":{"line":19,"column":28}},"5":{"start":{"line":20,"column":8},"end":{"line":20,"column":37}},"6":{"start":{"line":22,"column":8},"end":{"line":22,"column":56}},"7":{"start":{"line":37,"column":0},"end":{"line":45,"column":1}},"8":{"start":{"line":39,"column":4},"end":{"line":44,"column":5}},"9":{"start":{"line":40,"column":24},"end":{"line":40,"column":44}},"10":{"start":{"line":41,"column":8},"end":{"line":41,"column":37}},"11":{"start":{"line":43,"column":8},"end":{"line":43,"column":56}},"12":{"start":{"line":59,"column":0},"end":{"line":68,"column":1}},"13":{"start":{"line":60,"column":15},"end":{"line":60,"column":28}},"14":{"start":{"line":62,"column":4},"end":{"line":67,"column":5}},"15":{"start":{"line":63,"column":24},"end":{"line":63,"column":50}},"16":{"start":{"line":64,"column":8},"end":{"line":64,"column":37}},"17":{"start":{"line":66,"column":8},"end":{"line":66,"column":56}},"18":{"start":{"line":84,"column":0},"end":{"line":93,"column":1}},"19":{"start":{"line":85,"column":15},"end":{"line":85,"column":28}},"20":{"start":{"line":87,"column":4},"end":{"line":92,"column":5}},"21":{"start":{"line":88,"column":8},"end":{"line":88,"column":43}},"22":{"start":{"line":89,"column":8},"end":{"line":89,"column":63}},"23":{"start":{"line":91,"column":8},"end":{"line":91,"column":56}},"24":{"start":{"line":114,"column":0},"end":{"line":139,"column":1}},"25":{"start":{"line":115,"column":15},"end":{"line":115,"column":28}},"26":{"start":{"line":116,"column":17},"end":{"line":116,"column":32}},"27":{"start":{"line":118,"column":4},"end":{"line":138,"column":5}},"28":{"start":{"line":119,"column":24},"end":{"line":119,"column":50}},"29":{"start":{"line":121,"column":8},"end":{"line":123,"column":9}},"30":{"start":{"line":122,"column":12},"end":{"line":122,"column":55}},"31":{"start":{"line":125,"column":8},"end":{"line":128,"column":9}},"32":{"start":{"line":126,"column":12},"end":{"line":126,"column":50}},"33":{"start":{"line":127,"column":12},"end":{"line":127,"column":18}},"34":{"start":{"line":130,"column":8},"end":{"line":135,"column":9}},"35":{"start":{"line":131,"column":28},"end":{"line":131,"column":81}},"36":{"start":{"line":132,"column":12},"end":{"line":132,"column":41}},"37":{"start":{"line":134,"column":12},"end":{"line":134,"column":60}},"38":{"start":{"line":137,"column":8},"end":{"line":137,"column":54}},"39":{"start":{"line":155,"column":0},"end":{"line":165,"column":1}},"40":{"start":{"line":156,"column":17},"end":{"line":156,"column":32}},"41":{"start":{"line":158,"column":4},"end":{"line":164,"column":5}},"42":{"start":{"line":159,"column":24},"end":{"line":159,"column":113}},"43":{"start":{"line":161,"column":8},"end":{"line":161,"column":37}},"44":{"start":{"line":163,"column":8},"end":{"line":163,"column":54}}},"fnMap":{"0":{"name":"(anonymous_0)","decl":{"start":{"line":15,"column":24},"end":{"line":15,"column":25}},"loc":{"start":{"line":15,"column":44},"end":{"line":24,"column":1}},"line":15},"1":{"name":"(anonymous_1)","decl":{"start":{"line":37,"column":24},"end":{"line":37,"column":25}},"loc":{"start":{"line":37,"column":44},"end":{"line":45,"column":1}},"line":37},"2":{"name":"(anonymous_2)","decl":{"start":{"line":59,"column":25},"end":{"line":59,"column":26}},"loc":{"start":{"line":59,"column":45},"end":{"line":68,"column":1}},"line":59},"3":{"name":"(anonymous_3)","decl":{"start":{"line":84,"column":24},"end":{"line":84,"column":25}},"loc":{"start":{"line":84,"column":44},"end":{"line":93,"column":1}},"line":84},"4":{"name":"(anonymous_4)","decl":{"start":{"line":114,"column":24},"end":{"line":114,"column":25}},"loc":{"start":{"line":114,"column":44},"end":{"line":139,"column":1}},"line":114},"5":{"name":"(anonymous_5)","decl":{"start":{"line":155,"column":27},"end":{"line":155,"column":28}},"loc":{"start":{"line":155,"column":46},"end":{"line":165,"column":1}},"line":155}},"branchMap":{"0":{"loc":{"start":{"line":121,"column":8},"end":{"line":123,"column":9}},"type":"if","locations":[{"start":{"line":121,"column":8},"end":{"line":123,"column":9}},{"start":{},"end":{}}],"line":121},"1":{"loc":{"start":{"line":125,"column":8},"end":{"line":128,"column":9}},"type":"if","locations":[{"start":{"line":125,"column":8},"end":{"line":128,"column":9}},{"start":{},"end":{}}],"line":125}},"s":{"0":1,"1":1,"2":0,"3":0,"4":0,"5":0,"6":0,"7":1,"8":0,"9":0,"10":0,"11":0,"12":1,"13":0,"14":0,"15":0,"16":0,"17":0,"18":1,"19":0,"20":0,"21":0,"22":0,"23":0,"24":1,"25":3,"26":3,"27":3,"28":3,"29":3,"30":1,"31":3,"32":1,"33":1,"34":2,"35":2,"36":2,"37":0,"38":0,"39":1,"40":0,"41":0,"42":0,"43":0,"44":0},"f":{"0":0,"1":0,"2":0,"3":0,"4":3,"5":0},"b":{"0":[1,2],"1":[1,2]},"_coverageSchema":"1a1c01bbd47fc00a2c39e90264f33305004495a9","hash":"3ece9a78573e263f72e8720fe56804016976e55b"}
,"/home/peppinoryuga/Documenti/ChemoSmart/chemosmart/chemosmart-gestione-farmaci/models/farmaco.js": {"path":"/home/peppinoryuga/Documenti/ChemoSmart/chemosmart/chemosmart-gestione-farmaci/models/farmaco.js","statementMap":{"0":{"start":{"line":1,"column":17},"end":{"line":1,"column":36}},"1":{"start":{"line":3,"column":22},"end":{"line":20,"column":22}},"2":{"start":{"line":22,"column":16},"end":{"line":22,"column":55}},"3":{"start":{"line":24,"column":0},"end":{"line":24,"column":24}}},"fnMap":{},"branchMap":{},"s":{"0":1,"1":1,"2":1,"3":1},"f":{},"b":{},"_coverageSchema":"1a1c01bbd47fc00a2c39e90264f33305004495a9","hash":"dc563e21e0ec5c3efd717ec7bd1cf9ab9d75d87b"}
}
