TN:
SF:controllers/farmaci.js
FN:15,(anonymous_0)
FN:37,(anonymous_1)
FN:59,(anonymous_2)
FN:84,(anonymous_3)
FN:114,(anonymous_4)
FN:155,(anonymous_5)
FNF:6
FNH:1
FNDA:0,(anonymous_0)
FNDA:0,(anonymous_1)
FNDA:0,(anonymous_2)
FNDA:0,(anonymous_3)
FNDA:3,(anonymous_4)
FNDA:0,(anonymous_5)
DA:1,1
DA:15,1
DA:16,0
DA:18,0
DA:19,0
DA:20,0
DA:22,0
DA:37,1
DA:39,0
DA:40,0
DA:41,0
DA:43,0
DA:59,1
DA:60,0
DA:62,0
DA:63,0
DA:64,0
DA:66,0
DA:84,1
DA:85,0
DA:87,0
DA:88,0
DA:89,0
DA:91,0
DA:114,1
DA:115,3
DA:116,3
DA:118,3
DA:119,3
DA:121,3
DA:122,1
DA:125,3
DA:126,1
DA:127,1
DA:130,2
DA:131,2
DA:132,2
DA:134,0
DA:137,0
DA:155,1
DA:156,0
DA:158,0
DA:159,0
DA:161,0
DA:163,0
LF:45
LH:19
BRDA:121,0,0,1
BRDA:121,0,1,2
BRDA:125,1,0,1
BRDA:125,1,1,2
BRF:4
BRH:4
end_of_record
TN:
SF:models/farmaco.js
FNF:0
FNH:0
DA:1,1
DA:3,1
DA:22,1
DA:24,1
LF:4
LH:4
BRF:0
BRH:0
end_of_record
