{"C:\\Users\\cirot\\git\\chemosmart\\chemosmart-gestioneAppuntamenti\\controllers\\appuntamenti.js": {"path":"C:\\Users\\cirot\\git\\chemosmart\\chemosmart-gestioneAppuntamenti\\controllers\\appuntamenti.js","statementMap":{"0":{"start":{"line":1,"column":21},"end":{"line":1,"column":57}},"1":{"start":{"line":2,"column":34},"end":{"line":2,"column":66}},"2":{"start":{"line":3,"column":14},"end":{"line":3,"column":30}},"3":{"start":{"line":17,"column":0},"end":{"line":62,"column":1}},"4":{"start":{"line":18,"column":15},"end":{"line":18,"column":34}},"5":{"start":{"line":20,"column":4},"end":{"line":60,"column":5}},"6":{"start":{"line":21,"column":25},"end":{"line":21,"column":46}},"7":{"start":{"line":22,"column":25},"end":{"line":22,"column":38}},"8":{"start":{"line":24,"column":8},"end":{"line":26,"column":9}},"9":{"start":{"line":25,"column":12},"end":{"line":25,"column":62}},"10":{"start":{"line":28,"column":8},"end":{"line":30,"column":9}},"11":{"start":{"line":29,"column":12},"end":{"line":29,"column":65}},"12":{"start":{"line":32,"column":27},"end":{"line":32,"column":56}},"13":{"start":{"line":33,"column":25},"end":{"line":33,"column":52}},"14":{"start":{"line":34,"column":28},"end":{"line":34,"column":38}},"15":{"start":{"line":36,"column":8},"end":{"line":38,"column":9}},"16":{"start":{"line":37,"column":12},"end":{"line":37,"column":68}},"17":{"start":{"line":40,"column":8},"end":{"line":42,"column":9}},"18":{"start":{"line":41,"column":12},"end":{"line":41,"column":66}},"19":{"start":{"line":44,"column":8},"end":{"line":46,"column":9}},"20":{"start":{"line":45,"column":12},"end":{"line":45,"column":62}},"21":{"start":{"line":48,"column":32},"end":{"line":48,"column":66}},"22":{"start":{"line":49,"column":24},"end":{"line":49,"column":44}},"23":{"start":{"line":51,"column":29},"end":{"line":51,"column":55}},"24":{"start":{"line":52,"column":8},"end":{"line":57,"column":9}},"25":{"start":{"line":53,"column":12},"end":{"line":53,"column":37}},"26":{"start":{"line":54,"column":12},"end":{"line":54,"column":46}},"27":{"start":{"line":56,"column":12},"end":{"line":56,"column":60}},"28":{"start":{"line":59,"column":8},"end":{"line":59,"column":54}},"29":{"start":{"line":76,"column":24},"end":{"line":76,"column":41}},"30":{"start":{"line":78,"column":29},"end":{"line":82,"column":6}},"31":{"start":{"line":79,"column":29},"end":{"line":79,"column":59}},"32":{"start":{"line":80,"column":28},"end":{"line":80,"column":57}},"33":{"start":{"line":81,"column":8},"end":{"line":81,"column":42}},"34":{"start":{"line":84,"column":36},"end":{"line":84,"column":62}},"35":{"start":{"line":85,"column":4},"end":{"line":85,"column":35}},"36":{"start":{"line":100,"column":0},"end":{"line":122,"column":1}},"37":{"start":{"line":101,"column":25},"end":{"line":121,"column":10}},"38":{"start":{"line":103,"column":27},"end":{"line":103,"column":29}},"39":{"start":{"line":104,"column":12},"end":{"line":115,"column":13}},"40":{"start":{"line":105,"column":16},"end":{"line":114,"column":19}},"41":{"start":{"line":116,"column":12},"end":{"line":116,"column":29}},"42":{"start":{"line":119,"column":12},"end":{"line":119,"column":33}},"43":{"start":{"line":120,"column":12},"end":{"line":120,"column":40}},"44":{"start":{"line":135,"column":0},"end":{"line":147,"column":1}},"45":{"start":{"line":136,"column":15},"end":{"line":136,"column":28}},"46":{"start":{"line":138,"column":4},"end":{"line":140,"column":5}},"47":{"start":{"line":139,"column":8},"end":{"line":139,"column":30}},"48":{"start":{"line":141,"column":4},"end":{"line":146,"column":5}},"49":{"start":{"line":142,"column":29},"end":{"line":142,"column":60}},"50":{"start":{"line":143,"column":8},"end":{"line":143,"column":42}},"51":{"start":{"line":145,"column":8},"end":{"line":145,"column":56}},"52":{"start":{"line":161,"column":0},"end":{"line":188,"column":1}},"53":{"start":{"line":162,"column":15},"end":{"line":162,"column":28}},"54":{"start":{"line":163,"column":15},"end":{"line":163,"column":27}},"55":{"start":{"line":164,"column":17},"end":{"line":164,"column":31}},"56":{"start":{"line":165,"column":20},"end":{"line":165,"column":37}},"57":{"start":{"line":166,"column":4},"end":{"line":187,"column":5}},"58":{"start":{"line":167,"column":30},"end":{"line":167,"column":61}},"59":{"start":{"line":168,"column":8},"end":{"line":168,"column":33}},"60":{"start":{"line":169,"column":8},"end":{"line":172,"column":9}},"61":{"start":{"line":170,"column":12},"end":{"line":170,"column":36}},"62":{"start":{"line":171,"column":12},"end":{"line":171,"column":54}},"63":{"start":{"line":174,"column":8},"end":{"line":177,"column":9}},"64":{"start":{"line":175,"column":12},"end":{"line":175,"column":38}},"65":{"start":{"line":176,"column":12},"end":{"line":176,"column":56}},"66":{"start":{"line":179,"column":8},"end":{"line":182,"column":9}},"67":{"start":{"line":180,"column":12},"end":{"line":180,"column":41}},"68":{"start":{"line":181,"column":12},"end":{"line":181,"column":59}},"69":{"start":{"line":183,"column":8},"end":{"line":183,"column":48}},"70":{"start":{"line":184,"column":8},"end":{"line":184,"column":68}},"71":{"start":{"line":186,"column":8},"end":{"line":186,"column":56}},"72":{"start":{"line":204,"column":0},"end":{"line":262,"column":1}},"73":{"start":{"line":205,"column":15},"end":{"line":205,"column":28}},"74":{"start":{"line":207,"column":17},"end":{"line":207,"column":32}},"75":{"start":{"line":208,"column":4},"end":{"line":261,"column":5}},"76":{"start":{"line":209,"column":32},"end":{"line":209,"column":63}},"77":{"start":{"line":211,"column":25},"end":{"line":211,"column":63}},"78":{"start":{"line":212,"column":25},"end":{"line":212,"column":38}},"79":{"start":{"line":213,"column":8},"end":{"line":216,"column":9}},"80":{"start":{"line":214,"column":12},"end":{"line":214,"column":67}},"81":{"start":{"line":215,"column":12},"end":{"line":215,"column":18}},"82":{"start":{"line":218,"column":8},"end":{"line":220,"column":9}},"83":{"start":{"line":219,"column":12},"end":{"line":219,"column":60}},"84":{"start":{"line":222,"column":8},"end":{"line":225,"column":9}},"85":{"start":{"line":223,"column":12},"end":{"line":223,"column":62}},"86":{"start":{"line":224,"column":12},"end":{"line":224,"column":18}},"87":{"start":{"line":227,"column":8},"end":{"line":230,"column":9}},"88":{"start":{"line":228,"column":12},"end":{"line":228,"column":65}},"89":{"start":{"line":229,"column":12},"end":{"line":229,"column":18}},"90":{"start":{"line":232,"column":27},"end":{"line":232,"column":56}},"91":{"start":{"line":233,"column":25},"end":{"line":233,"column":52}},"92":{"start":{"line":234,"column":28},"end":{"line":234,"column":38}},"93":{"start":{"line":236,"column":8},"end":{"line":239,"column":9}},"94":{"start":{"line":237,"column":12},"end":{"line":237,"column":68}},"95":{"start":{"line":238,"column":12},"end":{"line":238,"column":18}},"96":{"start":{"line":241,"column":8},"end":{"line":244,"column":9}},"97":{"start":{"line":242,"column":12},"end":{"line":242,"column":66}},"98":{"start":{"line":243,"column":12},"end":{"line":243,"column":18}},"99":{"start":{"line":246,"column":8},"end":{"line":249,"column":9}},"100":{"start":{"line":247,"column":12},"end":{"line":247,"column":62}},"101":{"start":{"line":248,"column":12},"end":{"line":248,"column":18}},"102":{"start":{"line":251,"column":32},"end":{"line":251,"column":66}},"103":{"start":{"line":252,"column":24},"end":{"line":252,"column":44}},"104":{"start":{"line":253,"column":7},"end":{"line":256,"column":8}},"105":{"start":{"line":254,"column":8},"end":{"line":254,"column":51}},"106":{"start":{"line":255,"column":8},"end":{"line":255,"column":14}},"107":{"start":{"line":257,"column":32},"end":{"line":257,"column":93}},"108":{"start":{"line":258,"column":8},"end":{"line":258,"column":45}},"109":{"start":{"line":260,"column":8},"end":{"line":260,"column":56}},"110":{"start":{"line":272,"column":0},"end":{"line":280,"column":1}},"111":{"start":{"line":273,"column":4},"end":{"line":278,"column":5}},"112":{"start":{"line":274,"column":29},"end":{"line":274,"column":55}},"113":{"start":{"line":275,"column":8},"end":{"line":275,"column":42}},"114":{"start":{"line":277,"column":8},"end":{"line":277,"column":43}}},"fnMap":{"0":{"name":"(anonymous_0)","decl":{"start":{"line":17,"column":29},"end":{"line":17,"column":30}},"loc":{"start":{"line":17,"column":49},"end":{"line":62,"column":1}},"line":17},"1":{"name":"formattaParole","decl":{"start":{"line":74,"column":9},"end":{"line":74,"column":23}},"loc":{"start":{"line":74,"column":32},"end":{"line":86,"column":1}},"line":74},"2":{"name":"(anonymous_2)","decl":{"start":{"line":78,"column":45},"end":{"line":78,"column":46}},"loc":{"start":{"line":78,"column":55},"end":{"line":82,"column":5}},"line":78},"3":{"name":"(anonymous_3)","decl":{"start":{"line":100,"column":29},"end":{"line":100,"column":30}},"loc":{"start":{"line":100,"column":43},"end":{"line":122,"column":1}},"line":100},"4":{"name":"(anonymous_4)","decl":{"start":{"line":102,"column":14},"end":{"line":102,"column":15}},"loc":{"start":{"line":102,"column":30},"end":{"line":117,"column":9}},"line":102},"5":{"name":"(anonymous_5)","decl":{"start":{"line":118,"column":15},"end":{"line":118,"column":16}},"loc":{"start":{"line":118,"column":24},"end":{"line":121,"column":9}},"line":118},"6":{"name":"(anonymous_6)","decl":{"start":{"line":135,"column":30},"end":{"line":135,"column":31}},"loc":{"start":{"line":135,"column":50},"end":{"line":147,"column":1}},"line":135},"7":{"name":"(anonymous_7)","decl":{"start":{"line":161,"column":29},"end":{"line":161,"column":30}},"loc":{"start":{"line":161,"column":49},"end":{"line":188,"column":1}},"line":161},"8":{"name":"(anonymous_8)","decl":{"start":{"line":204,"column":29},"end":{"line":204,"column":30}},"loc":{"start":{"line":204,"column":49},"end":{"line":262,"column":1}},"line":204},"9":{"name":"(anonymous_9)","decl":{"start":{"line":272,"column":29},"end":{"line":272,"column":30}},"loc":{"start":{"line":272,"column":49},"end":{"line":280,"column":1}},"line":272}},"branchMap":{"0":{"loc":{"start":{"line":24,"column":8},"end":{"line":26,"column":9}},"type":"if","locations":[{"start":{"line":24,"column":8},"end":{"line":26,"column":9}},{"start":{},"end":{}}],"line":24},"1":{"loc":{"start":{"line":28,"column":8},"end":{"line":30,"column":9}},"type":"if","locations":[{"start":{"line":28,"column":8},"end":{"line":30,"column":9}},{"start":{},"end":{}}],"line":28},"2":{"loc":{"start":{"line":36,"column":8},"end":{"line":38,"column":9}},"type":"if","locations":[{"start":{"line":36,"column":8},"end":{"line":38,"column":9}},{"start":{},"end":{}}],"line":36},"3":{"loc":{"start":{"line":40,"column":8},"end":{"line":42,"column":9}},"type":"if","locations":[{"start":{"line":40,"column":8},"end":{"line":42,"column":9}},{"start":{},"end":{}}],"line":40},"4":{"loc":{"start":{"line":44,"column":8},"end":{"line":46,"column":9}},"type":"if","locations":[{"start":{"line":44,"column":8},"end":{"line":46,"column":9}},{"start":{},"end":{}}],"line":44},"5":{"loc":{"start":{"line":138,"column":4},"end":{"line":140,"column":5}},"type":"if","locations":[{"start":{"line":138,"column":4},"end":{"line":140,"column":5}},{"start":{},"end":{}}],"line":138},"6":{"loc":{"start":{"line":169,"column":8},"end":{"line":172,"column":9}},"type":"if","locations":[{"start":{"line":169,"column":8},"end":{"line":172,"column":9}},{"start":{},"end":{}}],"line":169},"7":{"loc":{"start":{"line":174,"column":8},"end":{"line":177,"column":9}},"type":"if","locations":[{"start":{"line":174,"column":8},"end":{"line":177,"column":9}},{"start":{},"end":{}}],"line":174},"8":{"loc":{"start":{"line":179,"column":8},"end":{"line":182,"column":9}},"type":"if","locations":[{"start":{"line":179,"column":8},"end":{"line":182,"column":9}},{"start":{},"end":{}}],"line":179},"9":{"loc":{"start":{"line":213,"column":8},"end":{"line":216,"column":9}},"type":"if","locations":[{"start":{"line":213,"column":8},"end":{"line":216,"column":9}},{"start":{},"end":{}}],"line":213},"10":{"loc":{"start":{"line":218,"column":8},"end":{"line":220,"column":9}},"type":"if","locations":[{"start":{"line":218,"column":8},"end":{"line":220,"column":9}},{"start":{},"end":{}}],"line":218},"11":{"loc":{"start":{"line":222,"column":8},"end":{"line":225,"column":9}},"type":"if","locations":[{"start":{"line":222,"column":8},"end":{"line":225,"column":9}},{"start":{},"end":{}}],"line":222},"12":{"loc":{"start":{"line":227,"column":8},"end":{"line":230,"column":9}},"type":"if","locations":[{"start":{"line":227,"column":8},"end":{"line":230,"column":9}},{"start":{},"end":{}}],"line":227},"13":{"loc":{"start":{"line":236,"column":8},"end":{"line":239,"column":9}},"type":"if","locations":[{"start":{"line":236,"column":8},"end":{"line":239,"column":9}},{"start":{},"end":{}}],"line":236},"14":{"loc":{"start":{"line":241,"column":8},"end":{"line":244,"column":9}},"type":"if","locations":[{"start":{"line":241,"column":8},"end":{"line":244,"column":9}},{"start":{},"end":{}}],"line":241},"15":{"loc":{"start":{"line":246,"column":8},"end":{"line":249,"column":9}},"type":"if","locations":[{"start":{"line":246,"column":8},"end":{"line":249,"column":9}},{"start":{},"end":{}}],"line":246},"16":{"loc":{"start":{"line":253,"column":7},"end":{"line":256,"column":8}},"type":"if","locations":[{"start":{"line":253,"column":7},"end":{"line":256,"column":8}},{"start":{},"end":{}}],"line":253}},"s":{"0":1,"1":1,"2":1,"3":1,"4":9,"5":9,"6":9,"7":8,"8":8,"9":1,"10":8,"11":4,"12":8,"13":8,"14":8,"15":8,"16":2,"17":8,"18":3,"19":8,"20":3,"21":8,"22":6,"23":6,"24":6,"25":6,"26":6,"27":0,"28":3,"29":0,"30":0,"31":0,"32":0,"33":0,"34":0,"35":0,"36":1,"37":0,"38":0,"39":0,"40":0,"41":0,"42":0,"43":0,"44":1,"45":0,"46":0,"47":0,"48":0,"49":0,"50":0,"51":0,"52":1,"53":5,"54":5,"55":5,"56":5,"57":5,"58":5,"59":5,"60":5,"61":1,"62":1,"63":4,"64":2,"65":2,"66":4,"67":2,"68":2,"69":4,"70":4,"71":1,"72":1,"73":8,"74":8,"75":8,"76":8,"77":7,"78":7,"79":7,"80":0,"81":0,"82":7,"83":1,"84":7,"85":1,"86":1,"87":6,"88":1,"89":1,"90":5,"91":5,"92":5,"93":5,"94":1,"95":1,"96":4,"97":1,"98":1,"99":3,"100":1,"101":1,"102":2,"103":2,"104":2,"105":0,"106":0,"107":2,"108":2,"109":1,"110":1,"111":0,"112":0,"113":0,"114":0},"f":{"0":9,"1":0,"2":0,"3":0,"4":0,"5":0,"6":0,"7":5,"8":8,"9":0},"b":{"0":[1,7],"1":[4,4],"2":[2,6],"3":[3,5],"4":[3,5],"5":[0,0],"6":[1,3],"7":[2,2],"8":[2,2],"9":[0,7],"10":[1,6],"11":[1,6],"12":[1,5],"13":[1,4],"14":[1,3],"15":[1,2],"16":[0,2]},"_coverageSchema":"1a1c01bbd47fc00a2c39e90264f33305004495a9","hash":"2c46354c0e7d6c480d48dea256e3b8ef2f72358a"}
,"C:\\Users\\cirot\\git\\chemosmart\\chemosmart-gestioneAppuntamenti\\models\\appuntamento.js": {"path":"C:\\Users\\cirot\\git\\chemosmart\\chemosmart-gestioneAppuntamenti\\models\\appuntamento.js","statementMap":{"0":{"start":{"line":1,"column":17},"end":{"line":1,"column":36}},"1":{"start":{"line":2,"column":27},"end":{"line":27,"column":22}},"2":{"start":{"line":29,"column":21},"end":{"line":29,"column":70}},"3":{"start":{"line":30,"column":0},"end":{"line":30,"column":29}}},"fnMap":{},"branchMap":{},"s":{"0":1,"1":1,"2":1,"3":1},"f":{},"b":{},"_coverageSchema":"1a1c01bbd47fc00a2c39e90264f33305004495a9","hash":"b5e6bcf6dce797413d5d92e0e980c65c62bf3712"}
,"C:\\Users\\cirot\\git\\chemosmart\\chemosmart-gestioneAppuntamenti\\services\\apiClient.js": {"path":"C:\\Users\\cirot\\git\\chemosmart\\chemosmart-gestioneAppuntamenti\\services\\apiClient.js","statementMap":{"0":{"start":{"line":1,"column":14},"end":{"line":1,"column":30}},"1":{"start":{"line":4,"column":4},"end":{"line":9,"column":5}},"2":{"start":{"line":5,"column":25},"end":{"line":5,"column":86}},"3":{"start":{"line":6,"column":8},"end":{"line":6,"column":23}},"4":{"start":{"line":8,"column":8},"end":{"line":8,"column":26}},"5":{"start":{"line":13,"column":4},"end":{"line":19,"column":5}},"6":{"start":{"line":14,"column":25},"end":{"line":14,"column":86}},"7":{"start":{"line":16,"column":8},"end":{"line":16,"column":23}},"8":{"start":{"line":18,"column":8},"end":{"line":18,"column":28}},"9":{"start":{"line":21,"column":0},"end":{"line":21,"column":42}}},"fnMap":{"0":{"name":"getPaziente","decl":{"start":{"line":3,"column":15},"end":{"line":3,"column":26}},"loc":{"start":{"line":3,"column":31},"end":{"line":10,"column":1}},"line":3},"1":{"name":"getFarmaco","decl":{"start":{"line":12,"column":15},"end":{"line":12,"column":25}},"loc":{"start":{"line":12,"column":32},"end":{"line":20,"column":1}},"line":12}},"branchMap":{},"s":{"0":1,"1":0,"2":0,"3":0,"4":0,"5":0,"6":0,"7":0,"8":0,"9":1},"f":{"0":0,"1":0},"b":{},"_coverageSchema":"1a1c01bbd47fc00a2c39e90264f33305004495a9","hash":"3200867a16029dd465c4747be55d62728b88d886"}
}
