TN:
SF:controllers\appuntamenti.js
FN:17,(anonymous_0)
FN:74,formattaParole
FN:78,(anonymous_2)
FN:100,(anonymous_3)
FN:102,(anonymous_4)
FN:118,(anonymous_5)
FN:135,(anonymous_6)
FN:161,(anonymous_7)
FN:204,(anonymous_8)
FN:272,(anonymous_9)
FNF:10
FNH:3
FNDA:9,(anonymous_0)
FNDA:0,formattaParole
FNDA:0,(anonymous_2)
FNDA:0,(anonymous_3)
FNDA:0,(anonymous_4)
FNDA:0,(anonymous_5)
FNDA:0,(anonymous_6)
FNDA:5,(anonymous_7)
FNDA:8,(anonymous_8)
FNDA:0,(anonymous_9)
DA:1,1
DA:2,1
DA:3,1
DA:17,1
DA:18,9
DA:20,9
DA:21,9
DA:22,8
DA:24,8
DA:25,1
DA:28,8
DA:29,4
DA:32,8
DA:33,8
DA:34,8
DA:36,8
DA:37,2
DA:40,8
DA:41,3
DA:44,8
DA:45,3
DA:48,8
DA:49,6
DA:51,6
DA:52,6
DA:53,6
DA:54,6
DA:56,0
DA:59,3
DA:76,0
DA:78,0
DA:79,0
DA:80,0
DA:81,0
DA:84,0
DA:85,0
DA:100,1
DA:101,0
DA:103,0
DA:104,0
DA:105,0
DA:116,0
DA:119,0
DA:120,0
DA:135,1
DA:136,0
DA:138,0
DA:139,0
DA:141,0
DA:142,0
DA:143,0
DA:145,0
DA:161,1
DA:162,5
DA:163,5
DA:164,5
DA:165,5
DA:166,5
DA:167,5
DA:168,5
DA:169,5
DA:170,1
DA:171,1
DA:174,4
DA:175,2
DA:176,2
DA:179,4
DA:180,2
DA:181,2
DA:183,4
DA:184,4
DA:186,1
DA:204,1
DA:205,8
DA:207,8
DA:208,8
DA:209,8
DA:211,7
DA:212,7
DA:213,7
DA:214,0
DA:215,0
DA:218,7
DA:219,1
DA:222,7
DA:223,1
DA:224,1
DA:227,6
DA:228,1
DA:229,1
DA:232,5
DA:233,5
DA:234,5
DA:236,5
DA:237,1
DA:238,1
DA:241,4
DA:242,1
DA:243,1
DA:246,3
DA:247,1
DA:248,1
DA:251,2
DA:252,2
DA:253,2
DA:254,0
DA:255,0
DA:257,2
DA:258,2
DA:260,1
DA:272,1
DA:273,0
DA:274,0
DA:275,0
DA:277,0
LF:115
LH:85
BRDA:24,0,0,1
BRDA:24,0,1,7
BRDA:28,1,0,4
BRDA:28,1,1,4
BRDA:36,2,0,2
BRDA:36,2,1,6
BRDA:40,3,0,3
BRDA:40,3,1,5
BRDA:44,4,0,3
BRDA:44,4,1,5
BRDA:138,5,0,0
BRDA:138,5,1,0
BRDA:169,6,0,1
BRDA:169,6,1,3
BRDA:174,7,0,2
BRDA:174,7,1,2
BRDA:179,8,0,2
BRDA:179,8,1,2
BRDA:213,9,0,0
BRDA:213,9,1,7
BRDA:218,10,0,1
BRDA:218,10,1,6
BRDA:222,11,0,1
BRDA:222,11,1,6
BRDA:227,12,0,1
BRDA:227,12,1,5
BRDA:236,13,0,1
BRDA:236,13,1,4
BRDA:241,14,0,1
BRDA:241,14,1,3
BRDA:246,15,0,1
BRDA:246,15,1,2
BRDA:253,16,0,0
BRDA:253,16,1,2
BRF:34
BRH:30
end_of_record
TN:
SF:models\appuntamento.js
FNF:0
FNH:0
DA:1,1
DA:2,1
DA:29,1
DA:30,1
LF:4
LH:4
BRF:0
BRH:0
end_of_record
TN:
SF:services\apiClient.js
FN:3,getPaziente
FN:12,getFarmaco
FNF:2
FNH:0
FNDA:0,getPaziente
FNDA:0,getFarmaco
DA:1,1
DA:4,0
DA:5,0
DA:6,0
DA:8,0
DA:13,0
DA:14,0
DA:16,0
DA:18,0
DA:21,1
LF:10
LH:2
BRF:0
BRH:0
end_of_record
